<?xml version="1.0" encoding="UTF-8"?>
<!-- Generated by org.testng.reporters.JUnitXMLReporter -->
<testsuite ignored="2" hostname="DESKTOP-9B3BV7M" failures="0" tests="1" name="Default test" time="2.992" errors="0" timestamp="2023-11-11T22:09:01 EST">
  <testcase classname="restAssured.APITestCases" name="TestCaseThree" time="2.934"/>
  <testcase classname="restAssured.APITestCases" name="TestCaseTwo" time="0.0">
    <ignored/>
  </testcase> <!-- TestCaseTwo -->
  <testcase classname="restAssured.APITestCases" name="TestCaseOne" time="0.0">
    <ignored/>
  </testcase> <!-- TestCaseOne -->
</testsuite> <!-- Default test -->
