<?xml version="1.0" encoding="UTF-8"?>
<!-- Generated by org.testng.reporters.JUnitXMLReporter -->
<testsuite ignored="0" hostname="DESKTOP-9B3BV7M" failures="0" tests="4" name="Default test" time="4.675" errors="0" timestamp="2023-10-30T22:48:33 EDT">
  <testcase classname="restAssured.Postman" name="createUsers" time="3.816"/>
  <testcase classname="restAssured.Postman" name="deleteUsers" time="0.33"/>
  <testcase classname="restAssured.Postman" name="getUsers" time="0.176"/>
  <testcase classname="restAssured.Postman" name="updateUsers" time="0.284"/>
</testsuite> <!-- Default test -->
