<?xml version="1.0" encoding="UTF-8"?>
<testng-results ignored="0" total="1" passed="1" failed="0" skipped="0">
  <reporter-output>
  </reporter-output>
  <suite started-at="2023-11-14T17:16:49 EST" name="Default suite" finished-at="2023-11-14T17:16:52 EST" duration-ms="3035">
    <groups>
    </groups>
    <test started-at="2023-11-14T17:16:49 EST" name="Default test" finished-at="2023-11-14T17:16:52 EST" duration-ms="3035">
      <class name="restAssured.APITestCases">
        <test-method signature="testCase4()[pri:0, instance:restAssured.APITestCases@16293aa2]" started-at="2023-11-14T17:16:49 EST" name="testCase4" finished-at="2023-11-14T17:16:52 EST" duration-ms="2956" status="PASS">
          <reporter-output>
          </reporter-output>
        </test-method> <!-- testCase4 -->
      </class> <!-- restAssured.APITestCases -->
    </test> <!-- Default test -->
  </suite> <!-- Default suite -->
</testng-results>
